[2019-07-25 09:47:02.475] [exthost] [info] extension host started
[2019-07-25 09:47:02.812] [exthost] [info] extension host started
[2019-07-25 09:47:02.830] [exthost] [info] ExtensionService#_doActivateExtension vscode.debug-auto-launch {"startup":true,"activationEvent":"*"}
[2019-07-25 09:47:02.830] [exthost] [info] ExtensionService#loadCommonJSModule c:\Users\gdcosta\.codemix\engine\resources\app\extensions\debug-auto-launch\dist\extension
[2019-07-25 09:47:02.868] [exthost] [info] ExtensionService#_doActivateExtension vscode.emmet {"startup":true,"activationEvent":"*"}
[2019-07-25 09:47:02.868] [exthost] [info] ExtensionService#loadCommonJSModule c:\Users\gdcosta\.codemix\engine\resources\app\extensions\emmet\dist\extension
[2019-07-25 09:47:02.930] [exthost] [info] ExtensionService#_doActivateExtension christian-kohler.path-intellisense {"startup":true,"activationEvent":"*"}
[2019-07-25 09:47:02.930] [exthost] [info] ExtensionService#loadCommonJSModule C:\Users\gdcosta\.codemix\extensions\christian-kohler.path-intellisense-1.4.2\out\src\extension
[2019-07-25 09:47:03.061] [exthost] [info] ExtensionService#_doActivateExtension dbaeumer.vscode-eslint {"startup":true,"activationEvent":"*"}
[2019-07-25 09:47:03.061] [exthost] [info] ExtensionService#loadCommonJSModule C:\Users\gdcosta\.codemix\extensions\dbaeumer.vscode-eslint-1.9.0\client\out\extension
[2019-07-25 09:47:03.184] [exthost] [info] ExtensionService#_doActivateExtension formulahendry.auto-close-tag {"startup":true,"activationEvent":"*"}
[2019-07-25 09:47:03.184] [exthost] [info] ExtensionService#loadCommonJSModule C:\Users\gdcosta\.codemix\extensions\formulahendry.auto-close-tag-0.5.6\out\src\extension
[2019-07-25 09:47:03.197] [exthost] [info] ExtensionService#_doActivateExtension formulahendry.auto-rename-tag {"startup":true,"activationEvent":"*"}
[2019-07-25 09:47:03.197] [exthost] [info] ExtensionService#loadCommonJSModule C:\Users\gdcosta\.codemix\extensions\formulahendry.auto-rename-tag-0.0.15\out\src\extension
[2019-07-25 09:47:03.231] [exthost] [info] ExtensionService#_doActivateExtension vscode.configuration-editing {"startup":false,"activationEvent":"onLanguage:jsonc"}
[2019-07-25 09:47:03.231] [exthost] [info] ExtensionService#loadCommonJSModule c:\Users\gdcosta\.codemix\engine\resources\app\extensions\configuration-editing\dist\extension
[2019-07-25 09:47:03.292] [exthost] [info] ExtensionService#_doActivateExtension vscode.json-language-features {"startup":false,"activationEvent":"onLanguage:jsonc"}
[2019-07-25 09:47:03.292] [exthost] [info] ExtensionService#loadCommonJSModule c:\Users\gdcosta\.codemix\engine\resources\app\extensions\json-language-features\client\dist\jsonMain
[2019-07-25 09:47:03.556] [exthost] [info] ExtensionService#_doActivateExtension vscode.typescript-language-features {"startup":false,"activationEvent":"onLanguage:jsonc"}
[2019-07-25 09:47:03.556] [exthost] [info] ExtensionService#loadCommonJSModule c:\Users\gdcosta\.codemix\engine\resources\app\extensions\typescript-language-features\dist\extension
[2019-07-25 09:47:03.847] [exthost] [info] ExtensionService#_doActivateExtension vscode.grunt {"startup":false,"activationEvent":"onCommand:workbench.action.tasks.runTask"}
[2019-07-25 09:47:03.847] [exthost] [info] ExtensionService#loadCommonJSModule c:\Users\gdcosta\.codemix\engine\resources\app\extensions\grunt\dist\main
[2019-07-25 09:47:03.884] [exthost] [info] ExtensionService#_doActivateExtension vscode.gulp {"startup":false,"activationEvent":"onCommand:workbench.action.tasks.runTask"}
[2019-07-25 09:47:03.884] [exthost] [info] ExtensionService#loadCommonJSModule c:\Users\gdcosta\.codemix\engine\resources\app\extensions\gulp\dist\main
[2019-07-25 09:47:03.920] [exthost] [info] ExtensionService#_doActivateExtension vscode.jake {"startup":false,"activationEvent":"onCommand:workbench.action.tasks.runTask"}
[2019-07-25 09:47:03.920] [exthost] [info] ExtensionService#loadCommonJSModule c:\Users\gdcosta\.codemix\engine\resources\app\extensions\jake\dist\main
[2019-07-25 09:47:03.961] [exthost] [info] ExtensionService#_doActivateExtension vscode.npm {"startup":false,"activationEvent":"onCommand:workbench.action.tasks.runTask"}
[2019-07-25 09:47:03.961] [exthost] [info] ExtensionService#loadCommonJSModule c:\Users\gdcosta\.codemix\engine\resources\app\extensions\npm\dist\main
[2019-07-25 09:47:04.064] [exthost] [info] eager extensions activated
